<?xml version="1.0" encoding="UTF-8"?>
<!-- Generated by org.testng.reporters.JUnitReportReporter -->
<testsuite hostname="Pallavi-pc" name="MODULES.GetAPIData" tests="1" failures="0" timestamp="2 Jan 2019 05:52:43 GMT" time="66.003" errors="0">
  <testcase name="FetchAPIData" time="66.003" classname="MODULES.GetAPIData"/>
</testsuite> <!-- MODULES.GetAPIData -->
