<?xml version="1.0" encoding="UTF-8"?>
<!-- Generated by org.testng.reporters.JUnitReportReporter -->
<testsuite hostname="Pallavi-pc" name="MODULES.DeleteData" tests="1" failures="0" timestamp="28 Dec 2018 12:52:16 GMT" time="2.052" errors="0">
  <testcase name="DeleteResponse" time="2.052" classname="MODULES.DeleteData"/>
</testsuite> <!-- MODULES.DeleteData -->
