<?xml version="1.0" encoding="UTF-8"?>
<!-- Generated by org.testng.reporters.JUnitReportReporter -->
<testsuite hostname="Pallavi-pc" name="MODULES.PutData" tests="1" failures="0" timestamp="28 Dec 2018 12:46:59 GMT" time="1.957" errors="0">
  <testcase name="PostResponse" time="1.957" classname="MODULES.PutData"/>
</testsuite> <!-- MODULES.PutData -->
