<?xml version="1.0" encoding="UTF-8"?>
<!-- Generated by org.testng.reporters.JUnitReportReporter -->
<testsuite hostname="Pallavi-pc" name="MODULES.PostData" tests="1" failures="0" timestamp="29 Dec 2018 07:36:31 GMT" time="2.257" errors="0">
  <testcase name="PostResponse" time="2.257" classname="MODULES.PostData"/>
</testsuite> <!-- MODULES.PostData -->
