<?xml version="1.0" encoding="UTF-8"?>
<!-- Generated by org.testng.reporters.JUnitReportReporter -->
<testsuite hostname="Pallavi-pc" name="JSONMODULES_RestAssured.GetData" tests="1" failures="0" timestamp="1 Jan 2019 20:04:49 GMT" time="6.062" errors="0">
  <testcase name="GetResponse" time="6.062" classname="JSONMODULES_RestAssured.GetData"/>
</testsuite> <!-- JSONMODULES_RestAssured.GetData -->
