<?xml version="1.0" encoding="UTF-8"?>
<!-- Generated by org.testng.reporters.JUnitReportReporter -->
<testsuite hostname="Pallavi-pc" name="MODULES.POSTAPIDATA" tests="1" failures="0" timestamp="2 Jan 2019 06:32:37 GMT" time="0.029" errors="0">
  <testcase name="PostAPIData" time="0.029" classname="MODULES.POSTAPIDATA"/>
</testsuite> <!-- MODULES.POSTAPIDATA -->
