<?xml version="1.0" encoding="UTF-8"?>
<!-- Generated by org.testng.reporters.JUnitReportReporter -->
<testsuite hostname="Pallavi-pc" name="EXECUTION.SUITEOPERATIONS" tests="1" failures="0" timestamp="26 Jan 2019 18:03:11 GMT" time="9.907" errors="0">
  <testcase name="StartSuite" time="9.907" classname="EXECUTION.SUITEOPERATIONS"/>
</testsuite> <!-- EXECUTION.SUITEOPERATIONS -->
