<?xml version="1.0" encoding="UTF-8"?>
<!-- Generated by org.testng.reporters.JUnitReportReporter -->
<testsuite hostname="Pallavi-pc" name="MODULES.NewPostData" tests="1" failures="0" timestamp="29 Dec 2018 12:17:01 GMT" time="3.055" errors="0">
  <testcase name="post" time="3.055" classname="MODULES.NewPostData"/>
</testsuite> <!-- MODULES.NewPostData -->
